<?xml version="1.0" encoding="UTF-8"?>
<!-- Generated by org.testng.reporters.JUnitReportReporter -->
<testsuite hostname="DESKTOP-DR9DKED" name="com.automation.DataDriven.TestScripts.HomePage" tests="1" failures="0" timestamp="27 Nov 2020 14:42:13 GMT" time="63.511" errors="0">
  <testcase name="homepage" time="63.511" classname="com.automation.DataDriven.TestScripts.HomePage"/>
</testsuite> <!-- com.automation.DataDriven.TestScripts.HomePage -->
