<?xml version="1.0" encoding="UTF-8"?>
<!-- Generated by org.testng.reporters.JUnitReportReporter -->
<testsuite hostname="DESKTOP-DR9DKED" name="com.automation.DataDriven.TestScripts.DataDrivenTest" tests="1" failures="0" timestamp="28 Nov 2020 13:49:01 GMT" time="9.456" errors="0">
  <testcase name="datadriventest" time="9.456" classname="com.automation.DataDriven.TestScripts.DataDrivenTest"/>
</testsuite> <!-- com.automation.DataDriven.TestScripts.DataDrivenTest -->
