<?xml version="1.0" encoding="UTF-8"?>
<!-- Generated by org.testng.reporters.JUnitReportReporter -->
<testsuite hostname="DESKTOP-DR9DKED" name="com.automation.DataDriven.TestScripts.Verify_Loan_Enquiry" tests="1" failures="0" timestamp="1 Dec 2020 09:41:34 GMT" time="146.974" errors="0">
  <testcase name="homepage" time="146.974" classname="com.automation.DataDriven.TestScripts.Verify_Loan_Enquiry"/>
</testsuite> <!-- com.automation.DataDriven.TestScripts.Verify_Loan_Enquiry -->
